/*C20*/SET SCHEMA PUBLIC
create table if not exists CUSTOMER ("ID" INTEGER GENERATED BY DEFAULT AS IDENTITY PRIMARY KEY, "EMAIL" VARCHAR(225) not null, "PASSWORD" VARCHAR(225) not null, UNIQUE ("EMAIL"))
create table if not exists DEVICE_LOAD ("ID" INTEGER GENERATED BY DEFAULT AS IDENTITY PRIMARY KEY, "DEVICE_TYPE" VARCHAR(225) not null, "DEVICE_ID" VARCHAR(225) not null, "MANUFACTURER" VARCHAR(225), "PRODUCT" VARCHAR(225), "TEST_DEVICE" BOOLEAN, "DESCRIPTION" VARCHAR(225))
create table if not exists MANUFACTURER ("MFG_ID" INTEGER GENERATED BY DEFAULT AS IDENTITY PRIMARY KEY, "MFG_NAME" VARCHAR(225) not null)
create table if not exists PRODUCT ("PROD_ID" INTEGER GENERATED BY DEFAULT AS IDENTITY PRIMARY KEY, "MFG_ID" INTEGER, "PROD_NAME" VARCHAR(225) not null)
create table if not exists MODEL ("MODEL_ID" INTEGER GENERATED BY DEFAULT AS IDENTITY PRIMARY KEY, "PROD_ID" INTEGER, "MODEL_NAME" VARCHAR(225) not null)
/*C21*/SET SCHEMA PUBLIC
create table if not exists CUSTOMER ("ID" INTEGER GENERATED BY DEFAULT AS IDENTITY PRIMARY KEY, "EMAIL" VARCHAR(225) not null, "PASSWORD" VARCHAR(225) not null, UNIQUE ("EMAIL"))
create table if not exists DEVICE_LOAD ("ID" INTEGER GENERATED BY DEFAULT AS IDENTITY PRIMARY KEY, "DEVICE_TYPE" VARCHAR(225) not null, "DEVICE_ID" VARCHAR(225) not null, "MANUFACTURER" VARCHAR(225), "PRODUCT" VARCHAR(225), "TEST_DEVICE" BOOLEAN, "DESCRIPTION" VARCHAR(225))
create table if not exists MANUFACTURER ("MFG_ID" INTEGER GENERATED BY DEFAULT AS IDENTITY PRIMARY KEY, "MFG_NAME" VARCHAR(225) not null)
create table if not exists PRODUCT ("PROD_ID" INTEGER GENERATED BY DEFAULT AS IDENTITY PRIMARY KEY, "MFG_ID" INTEGER, "PROD_NAME" VARCHAR(225) not null)
create table if not exists MODEL ("MODEL_ID" INTEGER GENERATED BY DEFAULT AS IDENTITY PRIMARY KEY, "PROD_ID" INTEGER, "MODEL_NAME" VARCHAR(225) not null)
/*C22*/SET SCHEMA PUBLIC
create table if not exists CUSTOMER ("ID" INTEGER GENERATED BY DEFAULT AS IDENTITY PRIMARY KEY, "EMAIL" VARCHAR(225) not null, "PASSWORD" VARCHAR(225) not null, UNIQUE ("EMAIL"))
create table if not exists DEVICE_LOAD ("ID" INTEGER GENERATED BY DEFAULT AS IDENTITY PRIMARY KEY, "DEVICE_TYPE" VARCHAR(225) not null, "DEVICE_ID" VARCHAR(225) not null, "MANUFACTURER" VARCHAR(225), "PRODUCT" VARCHAR(225), "TEST_DEVICE" BOOLEAN, "DESCRIPTION" VARCHAR(225))
create table if not exists MANUFACTURER ("MFG_ID" INTEGER GENERATED BY DEFAULT AS IDENTITY PRIMARY KEY, "MFG_NAME" VARCHAR(225) not null)
create table if not exists PRODUCT ("PROD_ID" INTEGER GENERATED BY DEFAULT AS IDENTITY PRIMARY KEY, "MFG_ID" INTEGER, "PROD_NAME" VARCHAR(225) not null)
create table if not exists MODEL ("MODEL_ID" INTEGER GENERATED BY DEFAULT AS IDENTITY PRIMARY KEY, "PROD_ID" INTEGER, "MODEL_NAME" VARCHAR(225) not null)
/*C23*/SET SCHEMA PUBLIC
create table if not exists CUSTOMER ("ID" INTEGER GENERATED BY DEFAULT AS IDENTITY PRIMARY KEY, "EMAIL" VARCHAR(225) not null, "PASSWORD" VARCHAR(225) not null, UNIQUE ("EMAIL"))
create table if not exists DEVICE_LOAD ("ID" INTEGER GENERATED BY DEFAULT AS IDENTITY PRIMARY KEY, "DEVICE_TYPE" VARCHAR(225) not null, "DEVICE_ID" VARCHAR(225) not null, "MANUFACTURER" VARCHAR(225), "PRODUCT" VARCHAR(225), "TEST_DEVICE" BOOLEAN, "DESCRIPTION" VARCHAR(225))
create table if not exists MANUFACTURER ("MFG_ID" INTEGER GENERATED BY DEFAULT AS IDENTITY PRIMARY KEY, "MFG_NAME" VARCHAR(225) not null)
create table if not exists PRODUCT ("PROD_ID" INTEGER GENERATED BY DEFAULT AS IDENTITY PRIMARY KEY, "MFG_ID" INTEGER, "PROD_NAME" VARCHAR(225) not null)
create table if not exists MODEL ("MODEL_ID" INTEGER GENERATED BY DEFAULT AS IDENTITY PRIMARY KEY, "PROD_ID" INTEGER, "MODEL_NAME" VARCHAR(225) not null)
/*C24*/SET SCHEMA PUBLIC
create table if not exists CUSTOMER ("ID" INTEGER GENERATED BY DEFAULT AS IDENTITY PRIMARY KEY, "EMAIL" VARCHAR(225) not null, "PASSWORD" VARCHAR(225) not null, UNIQUE ("EMAIL"))
create table if not exists DEVICE_LOAD ("ID" INTEGER GENERATED BY DEFAULT AS IDENTITY PRIMARY KEY, "DEVICE_TYPE" VARCHAR(225) not null, "DEVICE_ID" VARCHAR(225) not null, "MANUFACTURER" VARCHAR(225), "PRODUCT" VARCHAR(225), "TEST_DEVICE" BOOLEAN, "DESCRIPTION" VARCHAR(225))
create table if not exists MANUFACTURER ("MFG_ID" INTEGER GENERATED BY DEFAULT AS IDENTITY PRIMARY KEY, "MFG_NAME" VARCHAR(225) not null)
create table if not exists PRODUCT ("PROD_ID" INTEGER GENERATED BY DEFAULT AS IDENTITY PRIMARY KEY, "MFG_ID" INTEGER, "PROD_NAME" VARCHAR(225) not null)
create table if not exists MODEL ("MODEL_ID" INTEGER GENERATED BY DEFAULT AS IDENTITY PRIMARY KEY, "PROD_ID" INTEGER, "MODEL_NAME" VARCHAR(225) not null)
/*C25*/SET SCHEMA PUBLIC
create table if not exists CUSTOMER ("ID" INTEGER GENERATED BY DEFAULT AS IDENTITY PRIMARY KEY, "EMAIL" VARCHAR(225) not null, "PASSWORD" VARCHAR(225) not null, UNIQUE ("EMAIL"))
create table if not exists DEVICE_LOAD ("ID" INTEGER GENERATED BY DEFAULT AS IDENTITY PRIMARY KEY, "DEVICE_TYPE" VARCHAR(225) not null, "DEVICE_ID" VARCHAR(225) not null, "MANUFACTURER" VARCHAR(225), "PRODUCT" VARCHAR(225), "TEST_DEVICE" BOOLEAN, "DESCRIPTION" VARCHAR(225))
create table if not exists MANUFACTURER ("MFG_ID" INTEGER GENERATED BY DEFAULT AS IDENTITY PRIMARY KEY, "MFG_NAME" VARCHAR(225) not null)
create table if not exists PRODUCT ("PROD_ID" INTEGER GENERATED BY DEFAULT AS IDENTITY PRIMARY KEY, "MFG_ID" INTEGER, "PROD_NAME" VARCHAR(225) not null)
create table if not exists MODEL ("MODEL_ID" INTEGER GENERATED BY DEFAULT AS IDENTITY PRIMARY KEY, "PROD_ID" INTEGER, "MODEL_NAME" VARCHAR(225) not null)
/*C26*/SET SCHEMA PUBLIC
create table if not exists CUSTOMER ("ID" INTEGER GENERATED BY DEFAULT AS IDENTITY PRIMARY KEY, "EMAIL" VARCHAR(225) not null, "PASSWORD" VARCHAR(225) not null, UNIQUE ("EMAIL"))
create table if not exists DEVICE_LOAD ("ID" INTEGER GENERATED BY DEFAULT AS IDENTITY PRIMARY KEY, "DEVICE_TYPE" VARCHAR(225) not null, "DEVICE_ID" VARCHAR(225) not null, "MANUFACTURER" VARCHAR(225), "PRODUCT" VARCHAR(225), "TEST_DEVICE" BOOLEAN, "DESCRIPTION" VARCHAR(225))
create table if not exists MANUFACTURER ("MFG_ID" INTEGER GENERATED BY DEFAULT AS IDENTITY PRIMARY KEY, "MFG_NAME" VARCHAR(225) not null)
create table if not exists PRODUCT ("PROD_ID" INTEGER GENERATED BY DEFAULT AS IDENTITY PRIMARY KEY, "MFG_ID" INTEGER, "PROD_NAME" VARCHAR(225) not null)
create table if not exists MODEL ("MODEL_ID" INTEGER GENERATED BY DEFAULT AS IDENTITY PRIMARY KEY, "PROD_ID" INTEGER, "MODEL_NAME" VARCHAR(225) not null)
/*C27*/SET SCHEMA PUBLIC
create table if not exists CUSTOMER ("ID" INTEGER GENERATED BY DEFAULT AS IDENTITY PRIMARY KEY, "EMAIL" VARCHAR(225) not null, "PASSWORD" VARCHAR(225) not null, UNIQUE ("EMAIL"))
create table if not exists DEVICE_LOAD ("ID" INTEGER GENERATED BY DEFAULT AS IDENTITY PRIMARY KEY, "DEVICE_TYPE" VARCHAR(225) not null, "DEVICE_ID" VARCHAR(225) not null, "MANUFACTURER" VARCHAR(225), "PRODUCT" VARCHAR(225), "TEST_DEVICE" BOOLEAN, "DESCRIPTION" VARCHAR(225))
create table if not exists MANUFACTURER ("MFG_ID" INTEGER GENERATED BY DEFAULT AS IDENTITY PRIMARY KEY, "MFG_NAME" VARCHAR(225) not null)
create table if not exists PRODUCT ("PROD_ID" INTEGER GENERATED BY DEFAULT AS IDENTITY PRIMARY KEY, "MFG_ID" INTEGER, "PROD_NAME" VARCHAR(225) not null)
create table if not exists MODEL ("MODEL_ID" INTEGER GENERATED BY DEFAULT AS IDENTITY PRIMARY KEY, "PROD_ID" INTEGER, "MODEL_NAME" VARCHAR(225) not null)
/*C28*/SET SCHEMA PUBLIC
create table if not exists CUSTOMER ("ID" INTEGER GENERATED BY DEFAULT AS IDENTITY PRIMARY KEY, "EMAIL" VARCHAR(225) not null, "PASSWORD" VARCHAR(225) not null, UNIQUE ("EMAIL"))
create table if not exists DEVICE_LOAD ("ID" INTEGER GENERATED BY DEFAULT AS IDENTITY PRIMARY KEY, "DEVICE_TYPE" VARCHAR(225) not null, "DEVICE_ID" VARCHAR(225) not null, "MANUFACTURER" VARCHAR(225), "PRODUCT" VARCHAR(225), "TEST_DEVICE" BOOLEAN, "DESCRIPTION" VARCHAR(225))
create table if not exists MANUFACTURER ("MFG_ID" INTEGER GENERATED BY DEFAULT AS IDENTITY PRIMARY KEY, "MFG_NAME" VARCHAR(225) not null)
create table if not exists PRODUCT ("PROD_ID" INTEGER GENERATED BY DEFAULT AS IDENTITY PRIMARY KEY, "MFG_ID" INTEGER, "PROD_NAME" VARCHAR(225) not null)
create table if not exists MODEL ("MODEL_ID" INTEGER GENERATED BY DEFAULT AS IDENTITY PRIMARY KEY, "PROD_ID" INTEGER, "MODEL_NAME" VARCHAR(225) not null)
/*C29*/SET SCHEMA PUBLIC
create table if not exists CUSTOMER ("ID" INTEGER GENERATED BY DEFAULT AS IDENTITY PRIMARY KEY, "EMAIL" VARCHAR(225) not null, "PASSWORD" VARCHAR(225) not null, UNIQUE ("EMAIL"))
create table if not exists DEVICE_LOAD ("ID" INTEGER GENERATED BY DEFAULT AS IDENTITY PRIMARY KEY, "DEVICE_TYPE" VARCHAR(225) not null, "DEVICE_ID" VARCHAR(225) not null, "MANUFACTURER" VARCHAR(225), "PRODUCT" VARCHAR(225), "TEST_DEVICE" BOOLEAN, "DESCRIPTION" VARCHAR(225))
create table if not exists MANUFACTURER ("MFG_ID" INTEGER GENERATED BY DEFAULT AS IDENTITY PRIMARY KEY, "MFG_NAME" VARCHAR(225) not null)
create table if not exists PRODUCT ("PROD_ID" INTEGER GENERATED BY DEFAULT AS IDENTITY PRIMARY KEY, "MFG_ID" INTEGER, "PROD_NAME" VARCHAR(225) not null)
create table if not exists MODEL ("MODEL_ID" INTEGER GENERATED BY DEFAULT AS IDENTITY PRIMARY KEY, "PROD_ID" INTEGER, "MODEL_NAME" VARCHAR(225) not null)
/*C30*/SET SCHEMA PUBLIC
create table if not exists CUSTOMER ("ID" INTEGER GENERATED BY DEFAULT AS IDENTITY PRIMARY KEY, "EMAIL" VARCHAR(225) not null, "PASSWORD" VARCHAR(225) not null, UNIQUE ("EMAIL"))
create table if not exists DEVICE_LOAD ("ID" INTEGER GENERATED BY DEFAULT AS IDENTITY PRIMARY KEY, "DEVICE_TYPE" VARCHAR(225) not null, "DEVICE_ID" VARCHAR(225) not null, "MANUFACTURER" VARCHAR(225), "PRODUCT" VARCHAR(225), "TEST_DEVICE" BOOLEAN, "DESCRIPTION" VARCHAR(225))
create table if not exists MANUFACTURER ("MFG_ID" INTEGER GENERATED BY DEFAULT AS IDENTITY PRIMARY KEY, "MFG_NAME" VARCHAR(225) not null)
create table if not exists PRODUCT ("PROD_ID" INTEGER GENERATED BY DEFAULT AS IDENTITY PRIMARY KEY, "MFG_ID" INTEGER, "PROD_NAME" VARCHAR(225) not null)
create table if not exists MODEL ("MODEL_ID" INTEGER GENERATED BY DEFAULT AS IDENTITY PRIMARY KEY, "PROD_ID" INTEGER, "MODEL_NAME" VARCHAR(225) not null)
/*C31*/SET SCHEMA PUBLIC
create table if not exists CUSTOMER ("ID" INTEGER GENERATED BY DEFAULT AS IDENTITY PRIMARY KEY, "EMAIL" VARCHAR(225) not null, "PASSWORD" VARCHAR(225) not null, UNIQUE ("EMAIL"))
create table if not exists DEVICE_LOAD ("ID" INTEGER GENERATED BY DEFAULT AS IDENTITY PRIMARY KEY, "DEVICE_TYPE" VARCHAR(225) not null, "DEVICE_ID" VARCHAR(225) not null, "MANUFACTURER" VARCHAR(225), "PRODUCT" VARCHAR(225), "TEST_DEVICE" BOOLEAN, "DESCRIPTION" VARCHAR(225))
create table if not exists MANUFACTURER ("MFG_ID" INTEGER GENERATED BY DEFAULT AS IDENTITY PRIMARY KEY, "MFG_NAME" VARCHAR(225) not null)
create table if not exists PRODUCT ("PROD_ID" INTEGER GENERATED BY DEFAULT AS IDENTITY PRIMARY KEY, "MFG_ID" INTEGER, "PROD_NAME" VARCHAR(225) not null)
create table if not exists MODEL ("MODEL_ID" INTEGER GENERATED BY DEFAULT AS IDENTITY PRIMARY KEY, "PROD_ID" INTEGER, "MODEL_NAME" VARCHAR(225) not null)
/*C32*/SET SCHEMA PUBLIC
create table if not exists CUSTOMER ("ID" INTEGER GENERATED BY DEFAULT AS IDENTITY PRIMARY KEY, "EMAIL" VARCHAR(225) not null, "PASSWORD" VARCHAR(225) not null, UNIQUE ("EMAIL"))
create table if not exists DEVICE_LOAD ("ID" INTEGER GENERATED BY DEFAULT AS IDENTITY PRIMARY KEY, "DEVICE_TYPE" VARCHAR(225) not null, "DEVICE_ID" VARCHAR(225) not null, "MANUFACTURER" VARCHAR(225), "PRODUCT" VARCHAR(225), "TEST_DEVICE" BOOLEAN, "DESCRIPTION" VARCHAR(225))
create table if not exists MANUFACTURER ("MFG_ID" INTEGER GENERATED BY DEFAULT AS IDENTITY PRIMARY KEY, "MFG_NAME" VARCHAR(225) not null)
create table if not exists PRODUCT ("PROD_ID" INTEGER GENERATED BY DEFAULT AS IDENTITY PRIMARY KEY, "MFG_ID" INTEGER, "PROD_NAME" VARCHAR(225) not null)
create table if not exists MODEL ("MODEL_ID" INTEGER GENERATED BY DEFAULT AS IDENTITY PRIMARY KEY, "PROD_ID" INTEGER, "MODEL_NAME" VARCHAR(225) not null)
/*C33*/SET SCHEMA PUBLIC
create table if not exists CUSTOMER ("ID" INTEGER GENERATED BY DEFAULT AS IDENTITY PRIMARY KEY, "EMAIL" VARCHAR(225) not null, "PASSWORD" VARCHAR(225) not null, UNIQUE ("EMAIL"))
create table if not exists DEVICE_LOAD ("ID" INTEGER GENERATED BY DEFAULT AS IDENTITY PRIMARY KEY, "DEVICE_TYPE" VARCHAR(225) not null, "DEVICE_ID" VARCHAR(225) not null, "MANUFACTURER" VARCHAR(225), "PRODUCT" VARCHAR(225), "TEST_DEVICE" BOOLEAN, "DESCRIPTION" VARCHAR(225))
create table if not exists MANUFACTURER ("MFG_ID" INTEGER GENERATED BY DEFAULT AS IDENTITY PRIMARY KEY, "MFG_NAME" VARCHAR(225) not null)
create table if not exists PRODUCT ("PROD_ID" INTEGER GENERATED BY DEFAULT AS IDENTITY PRIMARY KEY, "MFG_ID" INTEGER, "PROD_NAME" VARCHAR(225) not null)
create table if not exists MODEL ("MODEL_ID" INTEGER GENERATED BY DEFAULT AS IDENTITY PRIMARY KEY, "PROD_ID" INTEGER, "MODEL_NAME" VARCHAR(225) not null)
/*C34*/SET SCHEMA PUBLIC
create table if not exists CUSTOMER ("ID" INTEGER GENERATED BY DEFAULT AS IDENTITY PRIMARY KEY, "EMAIL" VARCHAR(225) not null, "PASSWORD" VARCHAR(225) not null, UNIQUE ("EMAIL"))
create table if not exists DEVICE_LOAD ("ID" INTEGER GENERATED BY DEFAULT AS IDENTITY PRIMARY KEY, "DEVICE_TYPE" VARCHAR(225) not null, "DEVICE_ID" VARCHAR(225) not null, "MANUFACTURER" VARCHAR(225), "PRODUCT" VARCHAR(225), "TEST_DEVICE" BOOLEAN, "DESCRIPTION" VARCHAR(225))
create table if not exists MANUFACTURER ("MFG_ID" INTEGER GENERATED BY DEFAULT AS IDENTITY PRIMARY KEY, "MFG_NAME" VARCHAR(225) not null)
create table if not exists PRODUCT ("PROD_ID" INTEGER GENERATED BY DEFAULT AS IDENTITY PRIMARY KEY, "MFG_ID" INTEGER, "PROD_NAME" VARCHAR(225) not null)
create table if not exists MODEL ("MODEL_ID" INTEGER GENERATED BY DEFAULT AS IDENTITY PRIMARY KEY, "PROD_ID" INTEGER, "MODEL_NAME" VARCHAR(225) not null)
/*C35*/SET SCHEMA PUBLIC
create table if not exists CUSTOMER ("ID" INTEGER GENERATED BY DEFAULT AS IDENTITY PRIMARY KEY, "EMAIL" VARCHAR(225) not null, "PASSWORD" VARCHAR(225) not null, UNIQUE ("EMAIL"))
create table if not exists DEVICE_LOAD ("ID" INTEGER GENERATED BY DEFAULT AS IDENTITY PRIMARY KEY, "DEVICE_TYPE" VARCHAR(225) not null, "DEVICE_ID" VARCHAR(225) not null, "MANUFACTURER" VARCHAR(225), "PRODUCT" VARCHAR(225), "TEST_DEVICE" BOOLEAN, "DESCRIPTION" VARCHAR(225))
create table if not exists MANUFACTURER ("MFG_ID" INTEGER GENERATED BY DEFAULT AS IDENTITY PRIMARY KEY, "MFG_NAME" VARCHAR(225) not null)
create table if not exists PRODUCT ("PROD_ID" INTEGER GENERATED BY DEFAULT AS IDENTITY PRIMARY KEY, "MFG_ID" INTEGER, "PROD_NAME" VARCHAR(225) not null)
create table if not exists MODEL ("MODEL_ID" INTEGER GENERATED BY DEFAULT AS IDENTITY PRIMARY KEY, "PROD_ID" INTEGER, "MODEL_NAME" VARCHAR(225) not null)
/*C36*/SET SCHEMA PUBLIC
create table if not exists CUSTOMER ("ID" INTEGER GENERATED BY DEFAULT AS IDENTITY PRIMARY KEY, "EMAIL" VARCHAR(225) not null, "PASSWORD" VARCHAR(225) not null, UNIQUE ("EMAIL"))
create table if not exists DEVICE_LOAD ("ID" INTEGER GENERATED BY DEFAULT AS IDENTITY PRIMARY KEY, "DEVICE_TYPE" VARCHAR(225) not null, "DEVICE_ID" VARCHAR(225) not null, "MANUFACTURER" VARCHAR(225), "PRODUCT" VARCHAR(225), "TEST_DEVICE" BOOLEAN, "DESCRIPTION" VARCHAR(225))
create table if not exists MANUFACTURER ("MFG_ID" INTEGER GENERATED BY DEFAULT AS IDENTITY PRIMARY KEY, "MFG_NAME" VARCHAR(225) not null)
create table if not exists PRODUCT ("PROD_ID" INTEGER GENERATED BY DEFAULT AS IDENTITY PRIMARY KEY, "MFG_ID" INTEGER, "PROD_NAME" VARCHAR(225) not null)
create table if not exists MODEL ("MODEL_ID" INTEGER GENERATED BY DEFAULT AS IDENTITY PRIMARY KEY, "PROD_ID" INTEGER, "MODEL_NAME" VARCHAR(225) not null)
/*C37*/SET SCHEMA PUBLIC
create table if not exists CUSTOMER ("ID" INTEGER GENERATED BY DEFAULT AS IDENTITY PRIMARY KEY, "EMAIL" VARCHAR(225) not null, "PASSWORD" VARCHAR(225) not null, UNIQUE ("EMAIL"))
create table if not exists DEVICE_LOAD ("ID" INTEGER GENERATED BY DEFAULT AS IDENTITY PRIMARY KEY, "DEVICE_TYPE" VARCHAR(225) not null, "DEVICE_ID" VARCHAR(225) not null, "MANUFACTURER" VARCHAR(225), "PRODUCT" VARCHAR(225), "TEST_DEVICE" BOOLEAN, "DESCRIPTION" VARCHAR(225))
create table if not exists MANUFACTURER ("MFG_ID" INTEGER GENERATED BY DEFAULT AS IDENTITY PRIMARY KEY, "MFG_NAME" VARCHAR(225) not null)
create table if not exists PRODUCT ("PROD_ID" INTEGER GENERATED BY DEFAULT AS IDENTITY PRIMARY KEY, "MFG_ID" INTEGER, "PROD_NAME" VARCHAR(225) not null)
create table if not exists MODEL ("MODEL_ID" INTEGER GENERATED BY DEFAULT AS IDENTITY PRIMARY KEY, "PROD_ID" INTEGER, "MODEL_NAME" VARCHAR(225) not null)
/*C38*/SET SCHEMA PUBLIC
create table if not exists CUSTOMER ("ID" INTEGER GENERATED BY DEFAULT AS IDENTITY PRIMARY KEY, "EMAIL" VARCHAR(225) not null, "PASSWORD" VARCHAR(225) not null, UNIQUE ("EMAIL"))
create table if not exists DEVICE_LOAD ("ID" INTEGER GENERATED BY DEFAULT AS IDENTITY PRIMARY KEY, "DEVICE_TYPE" VARCHAR(225) not null, "DEVICE_ID" VARCHAR(225) not null, "MANUFACTURER" VARCHAR(225), "PRODUCT" VARCHAR(225), "TEST_DEVICE" BOOLEAN, "DESCRIPTION" VARCHAR(225))
create table if not exists MANUFACTURER ("MFG_ID" INTEGER GENERATED BY DEFAULT AS IDENTITY PRIMARY KEY, "MFG_NAME" VARCHAR(225) not null)
create table if not exists PRODUCT ("PROD_ID" INTEGER GENERATED BY DEFAULT AS IDENTITY PRIMARY KEY, "MFG_ID" INTEGER, "PROD_NAME" VARCHAR(225) not null)
create table if not exists MODEL ("MODEL_ID" INTEGER GENERATED BY DEFAULT AS IDENTITY PRIMARY KEY, "PROD_ID" INTEGER, "MODEL_NAME" VARCHAR(225) not null)
/*C39*/SET SCHEMA PUBLIC
create table if not exists CUSTOMER ("ID" INTEGER GENERATED BY DEFAULT AS IDENTITY PRIMARY KEY, "EMAIL" VARCHAR(225) not null, "PASSWORD" VARCHAR(225) not null, UNIQUE ("EMAIL"))
create table if not exists DEVICE_LOAD ("ID" INTEGER GENERATED BY DEFAULT AS IDENTITY PRIMARY KEY, "DEVICE_TYPE" VARCHAR(225) not null, "DEVICE_ID" VARCHAR(225) not null, "MANUFACTURER" VARCHAR(225), "PRODUCT" VARCHAR(225), "TEST_DEVICE" BOOLEAN, "DESCRIPTION" VARCHAR(225))
create table if not exists MANUFACTURER ("MFG_ID" INTEGER GENERATED BY DEFAULT AS IDENTITY PRIMARY KEY, "MFG_NAME" VARCHAR(225) not null)
create table if not exists PRODUCT ("PROD_ID" INTEGER GENERATED BY DEFAULT AS IDENTITY PRIMARY KEY, "MFG_ID" INTEGER, "PROD_NAME" VARCHAR(225) not null)
create table if not exists MODEL ("MODEL_ID" INTEGER GENERATED BY DEFAULT AS IDENTITY PRIMARY KEY, "PROD_ID" INTEGER, "MODEL_NAME" VARCHAR(225) not null)
/*C40*/SET SCHEMA PUBLIC
create table if not exists CUSTOMER ("ID" INTEGER GENERATED BY DEFAULT AS IDENTITY PRIMARY KEY, "EMAIL" VARCHAR(225) not null, "PASSWORD" VARCHAR(225) not null, UNIQUE ("EMAIL"))
create table if not exists DEVICE_LOAD ("ID" INTEGER GENERATED BY DEFAULT AS IDENTITY PRIMARY KEY, "DEVICE_TYPE" VARCHAR(225) not null, "DEVICE_ID" VARCHAR(225) not null, "MANUFACTURER" VARCHAR(225), "PRODUCT" VARCHAR(225), "TEST_DEVICE" BOOLEAN, "DESCRIPTION" VARCHAR(225))
create table if not exists MANUFACTURER ("MFG_ID" INTEGER GENERATED BY DEFAULT AS IDENTITY PRIMARY KEY, "MFG_NAME" VARCHAR(225) not null)
create table if not exists PRODUCT ("PROD_ID" INTEGER GENERATED BY DEFAULT AS IDENTITY PRIMARY KEY, "MFG_ID" INTEGER, "PROD_NAME" VARCHAR(225) not null)
create table if not exists MODEL ("MODEL_ID" INTEGER GENERATED BY DEFAULT AS IDENTITY PRIMARY KEY, "PROD_ID" INTEGER, "MODEL_NAME" VARCHAR(225) not null)
/*C41*/SET SCHEMA PUBLIC
create table if not exists CUSTOMER ("ID" INTEGER GENERATED BY DEFAULT AS IDENTITY PRIMARY KEY, "EMAIL" VARCHAR(225) not null, "PASSWORD" VARCHAR(225) not null, UNIQUE ("EMAIL"))
create table if not exists DEVICE_LOAD ("ID" INTEGER GENERATED BY DEFAULT AS IDENTITY PRIMARY KEY, "DEVICE_TYPE" VARCHAR(225) not null, "DEVICE_ID" VARCHAR(225) not null, "MANUFACTURER" VARCHAR(225), "PRODUCT" VARCHAR(225), "TEST_DEVICE" BOOLEAN, "DESCRIPTION" VARCHAR(225))
create table if not exists MANUFACTURER ("MFG_ID" INTEGER GENERATED BY DEFAULT AS IDENTITY PRIMARY KEY, "MFG_NAME" VARCHAR(225) not null)
create table if not exists PRODUCT ("PROD_ID" INTEGER GENERATED BY DEFAULT AS IDENTITY PRIMARY KEY, "MFG_ID" INTEGER, "PROD_NAME" VARCHAR(225) not null)
create table if not exists MODEL ("MODEL_ID" INTEGER GENERATED BY DEFAULT AS IDENTITY PRIMARY KEY, "PROD_ID" INTEGER, "MODEL_NAME" VARCHAR(225) not null)
